<?xml version="1.0" encoding="UTF-8"?>
<!-- Generated by org.testng.reporters.JUnitReportReporter -->
<testsuite hostname="LAPTOP-F3DJPE74" failures="0" tests="1" name="ShivprasadpatilAppium.Appium.AlertDialogs1" time="13.192" errors="0" timestamp="2024-09-29T09:40:41 IST" skipped="0">
  <testcase classname="ShivprasadpatilAppium.Appium.AlertDialogs1" name="AlertDialogs1Test" time="13.192"/>
</testsuite> <!-- ShivprasadpatilAppium.Appium.AlertDialogs1 -->
