<?xml version="1.0" encoding="UTF-8"?>
<!-- Generated by org.testng.reporters.JUnitReportReporter -->
<testsuite hostname="LAPTOP-F3DJPE74" failures="0" tests="1" name="ShivprasadpatilAppium.Appium.AlertDialogs5" time="14.306" errors="0" timestamp="2024-09-29T11:56:26 IST" skipped="0">
  <testcase classname="ShivprasadpatilAppium.Appium.AlertDialogs5" name="AlertDialogs5Test" time="14.306"/>
</testsuite> <!-- ShivprasadpatilAppium.Appium.AlertDialogs5 -->
