<?xml version="1.0" encoding="UTF-8"?>
<!-- Generated by org.testng.reporters.JUnitReportReporter -->
<testsuite hostname="LAPTOP-F3DJPE74" failures="0" tests="1" name="ShivprasadpatilAppium.Appium.AppiumBasics" time="23.935" errors="0" timestamp="2024-09-27T00:46:12 IST" skipped="0">
  <testcase classname="ShivprasadpatilAppium.Appium.AppiumBasics" name="WifiSettingsName" time="23.935"/>
</testsuite> <!-- ShivprasadpatilAppium.Appium.AppiumBasics -->
