<?xml version="1.0" encoding="UTF-8"?>
<!-- Generated by org.testng.reporters.JUnitReportReporter -->
<testsuite hostname="LAPTOP-F3DJPE74" failures="0" tests="1" name="ShivprasadpatilAppium.Appium.AlertDialogs3" time="11.610" errors="0" timestamp="2024-09-29T10:10:27 IST" skipped="0">
  <testcase classname="ShivprasadpatilAppium.Appium.AlertDialogs3" name="AlertDialogs3Test" time="11.610"/>
</testsuite> <!-- ShivprasadpatilAppium.Appium.AlertDialogs3 -->
