<?xml version="1.0" encoding="UTF-8"?>
<!-- Generated by org.testng.reporters.JUnitReportReporter -->
<testsuite hostname="LAPTOP-F3DJPE74" failures="0" tests="1" name="ShivprasadpatilAppium.Appium.DrageDropDemo" time="12.417" errors="0" timestamp="2024-09-29T08:55:44 IST" skipped="0">
  <testcase classname="ShivprasadpatilAppium.Appium.DrageDropDemo" name="DrapDropTest" time="12.417"/>
</testsuite> <!-- ShivprasadpatilAppium.Appium.DrageDropDemo -->
