<?xml version="1.0" encoding="UTF-8"?>
<!-- Generated by org.testng.reporters.JUnitReportReporter -->
<testsuite hostname="LAPTOP-F3DJPE74" failures="0" tests="1" name="ShivprasadpatilAppium.Appium.LongPress" time="18.035" errors="0" timestamp="2024-09-27T12:02:58 IST" skipped="0">
  <testcase classname="ShivprasadpatilAppium.Appium.LongPress" name="LongPressGesture" time="18.035"/>
  <system-out/>
</testsuite> <!-- ShivprasadpatilAppium.Appium.LongPress -->
