<?xml version="1.0" encoding="UTF-8"?>
<!-- Generated by org.testng.reporters.JUnitReportReporter -->
<testsuite hostname="LAPTOP-F3DJPE74" failures="0" tests="1" name="ShivprasadpatilAppium.Appium.AlertDialogs4" time="21.427" errors="0" timestamp="2024-09-29T10:17:47 IST" skipped="0">
  <testcase classname="ShivprasadpatilAppium.Appium.AlertDialogs4" name="AlertDialogs4Test" time="21.427"/>
</testsuite> <!-- ShivprasadpatilAppium.Appium.AlertDialogs4 -->
