<?xml version="1.0" encoding="UTF-8"?>
<!-- Generated by org.testng.reporters.JUnitReportReporter -->
<testsuite hostname="LAPTOP-F3DJPE74" failures="0" tests="1" name="ShivprasadpatilAppium.Appium.AlertDialogs8" time="16.891" errors="0" timestamp="2024-09-29T15:13:12 IST" skipped="0">
  <testcase classname="ShivprasadpatilAppium.Appium.AlertDialogs8" name="AlertDialogs9Test" time="16.891"/>
</testsuite> <!-- ShivprasadpatilAppium.Appium.AlertDialogs8 -->
