<?xml version="1.0" encoding="UTF-8"?>
<!-- Generated by org.testng.reporters.JUnitReportReporter -->
<testsuite hostname="LAPTOP-F3DJPE74" failures="0" tests="1" name="ShivprasadpatilAppium.Appium.AlertDialogs7" time="13.284" errors="0" timestamp="2024-09-29T14:36:27 IST" skipped="0">
  <testcase classname="ShivprasadpatilAppium.Appium.AlertDialogs7" name="AlertDialogs5Test" time="13.284"/>
</testsuite> <!-- ShivprasadpatilAppium.Appium.AlertDialogs7 -->
