<?xml version="1.0" encoding="UTF-8"?>
<!-- Generated by org.testng.reporters.JUnitReportReporter -->
<testsuite hostname="LAPTOP-F3DJPE74" failures="0" tests="1" name="ShivprasadpatilAppium.Appium.AlertDialogs2" time="13.065" errors="0" timestamp="2024-09-29T09:53:34 IST" skipped="0">
  <testcase classname="ShivprasadpatilAppium.Appium.AlertDialogs2" name="AlertDialogs2Test" time="13.065"/>
</testsuite> <!-- ShivprasadpatilAppium.Appium.AlertDialogs2 -->
