<?xml version="1.0" encoding="UTF-8"?>
<!-- Generated by org.testng.reporters.JUnitReportReporter -->
<testsuite hostname="LAPTOP-F3DJPE74" failures="0" tests="1" name="ShivprasadpatilAppium.Appium.eCommerce_tc_2" time="33.822" errors="0" timestamp="2024-09-30T21:14:31 IST" skipped="0">
  <testcase classname="ShivprasadpatilAppium.Appium.eCommerce_tc_2" name="FillForm" time="33.822"/>
  <system-out/>
</testsuite> <!-- ShivprasadpatilAppium.Appium.eCommerce_tc_2 -->
