<?xml version="1.0" encoding="UTF-8"?>
<!-- Generated by org.testng.reporters.JUnitReportReporter -->
<testsuite hostname="LAPTOP-F3DJPE74" failures="0" tests="1" name="ShivprasadpatilAppium.Appium.ScrollDemo" time="8.454" errors="0" timestamp="2024-09-27T15:59:52 IST" skipped="0">
  <testcase classname="ShivprasadpatilAppium.Appium.ScrollDemo" name="ScrollDemoTest" time="8.454"/>
  <system-out/>
</testsuite> <!-- ShivprasadpatilAppium.Appium.ScrollDemo -->
